<?xml version="1.0" encoding="UTF-8"?>
<!-- Generated by org.testng.reporters.JUnitXMLReporter -->
<testsuite hostname="Afrinas-MacBook-Air.local" name="Test" tests="1" failures="1" timestamp="9 May 2022 07:39:48 GMT" time="16.885" errors="0">
  <testcase name="HoletName" time="5.263" classname="testcase.testcases">
    <failure type="java.lang.NullPointerException">
      <![CDATA[java.lang.NullPointerException
	at org.openqa.selenium.support.pagefactory.DefaultElementLocator.findElement(DefaultElementLocator.java:69)
	at org.openqa.selenium.support.pagefactory.internal.LocatingElementHandler.invoke(LocatingElementHandler.java:38)
	at com.sun.proxy.$Proxy11.click(Unknown Source)
	at page_elements.searchpage.hotel_click(searchpage.java:27)
	at testcase.testcases.HoletName(testcases.java:23)
... Removed 24 stack frames]]>
    </failure>
  </testcase> <!-- HoletName -->
</testsuite> <!-- Test -->
