<?xml version="1.0" encoding="UTF-8"?>
<!-- Generated by org.testng.reporters.JUnitXMLReporter -->
<testsuite hostname="Afrinas-MacBook-Air.local" name="testcases" tests="1" failures="1" timestamp="9 May 2022 07:50:11 GMT" time="12.701" errors="0">
  <testcase name="@AfterClass teardown" time="0.0" classname="testcase.testcases">
    <failure type="java.lang.NullPointerException">
      <![CDATA[java.lang.NullPointerException
	at base.Baseclass.teardown(Baseclass.java:47)
... Removed 24 stack frames]]>
    </failure>
  </testcase> <!-- @AfterClass teardown -->
  <testcase name="HoletName" time="5.196" classname="testcase.testcases">
    <failure type="java.lang.NullPointerException">
      <![CDATA[java.lang.NullPointerException
	at org.openqa.selenium.support.pagefactory.DefaultElementLocator.findElement(DefaultElementLocator.java:69)
	at org.openqa.selenium.support.pagefactory.internal.LocatingElementHandler.invoke(LocatingElementHandler.java:38)
	at com.sun.proxy.$Proxy12.click(Unknown Source)
	at page_elements.searchpage.hotel_click(searchpage.java:27)
	at testcase.testcases.HoletName(testcases.java:24)
... Removed 24 stack frames]]>
    </failure>
  </testcase> <!-- HoletName -->
</testsuite> <!-- testcases -->
